<?xml version="1.0" encoding="UTF-8"?>
<!-- Generated by org.testng.reporters.JUnitXMLReporter -->
<testsuite hostname="DESKTOP-2E45Q8T" name="Default test" tests="3" failures="0" timestamp="28 Nov 2020 13:00:26 GMT" time="71.037" errors="0">
  <testcase name="Preference" time="4.736" classname="Appium_Testing.Appium_Testing.NewTest"/>
  <testcase name="swipeclock" time="3.809" classname="Appium_Testing.Appium_Testing.NewTest"/>
  <testcase name="view" time="7.067" classname="Appium_Testing.Appium_Testing.NewTest"/>
</testsuite> <!-- Default test -->
